<?xml version="1.0" encoding="UTF-8"?>
<!-- Generated by org.testng.reporters.JUnitReportReporter -->
<testsuite hostname="DESKTOP-SIM7OHA" failures="0" tests="1" name="endToEndScenarios.CreateProjectAndVerifyInDB" time="3.790" errors="0" timestamp="2022-07-12T06:56:31 IST" skipped="0">
  <testcase classname="endToEndScenarios.CreateProjectAndVerifyInDB" name="CreateProject" time="3.790"/>
</testsuite> <!-- endToEndScenarios.CreateProjectAndVerifyInDB -->
